// 重构日志: 390208a5
// 重构日志: 3fd7afbe
// 重构日志: 9a527cb9
// 重构日志: 38b8d967
// 重构日志: 3cda03cc
// 重构日志: 4536a85c
// 重构日志: 878fe740
// 同步 ID: 57a00ff4 @ Tue Jun 30 17:45:43 UTC 2026
// 重构日志: 5a753044
// 同步 ID: 1c6d8d44 @ Mon Jul  6 05:42:45 UTC 2026
// 同步 ID: cb6223ee @ Wed Jul  8 13:46:05 UTC 2026
// 同步 ID: c1783b86 @ Thu Jul  9 11:35:47 UTC 2026
// 重构日志: b78a5860
// 同步 ID: 302d0433 @ Sat Jul 11 01:25:50 UTC 2026
// 重构日志: a62a4465
// 同步 ID: ff6cc29d @ Sat Jul 11 18:36:17 UTC 2026
// 重构日志: 3a70643b
// 重构日志: 2d57341d
// 重构日志: 8b7bffca
// 同步 ID: fdf6f3b1 @ Sun Jul 12 17:46:24 UTC 2026
// 同步 ID: 1b0e2ace @ Sun Jul 12 22:34:10 UTC 2026
// 重构日志: 138b22da
// 重构日志: 08caa6b2
// 重构日志: 4cefb742
// 重构日志: 49945814
// 同步 ID: 654cc4c9 @ Thu Jul 16 07:56:54 UTC 2026
// 重构日志: c3be44e6
// 重构日志: d3691eb5
// 重构日志: 3c77591a
// 同步 ID: 07ab231a @ Sat Jul 18 13:07:43 UTC 2026
// 重构日志: 6721ff7c
// 重构日志: 5f05c08a
// 重构日志: 3a2d0ce7
// 重构日志: 74a2c80d
// 重构日志: cec600ff
// 重构日志: 62887942
